2025-08-05T07:42:45.012Z INFO (firesol) launching firehose-solana poller
2025-08-05T07:42:45.012Z INFO (firesol) flag {"name": "block-fetch-batch-size", "value": "10"}
2025-08-05T07:42:45.012Z INFO (firesol) flag {"name": "endpoints", "value": "[https://api.mainnet-beta.solana.com,https://solana-mainnet.g.alchemy.com/v2/8-AiluqynrYzdM6N_rZwCD1QRc9gN3pj]"}
2025-08-05T07:42:45.012Z INFO (firesol) flag {"name": "help", "value": "false"}
2025-08-05T07:42:45.012Z INFO (firesol) flag {"name": "interval-between-clients-sort", "value": "10m0s"}
2025-08-05T07:42:45.012Z INFO (firesol) flag {"name": "interval-between-fetch", "value": "0s"}
2025-08-05T07:42:45.012Z INFO (firesol) flag {"name": "latest-block-retry-interval", "value": "1s"}
2025-08-05T07:42:45.012Z INFO (firesol) flag {"name": "max-block-fetch-duration", "value": "3s"}
2025-08-05T07:42:45.012Z INFO (firesol) flag {"name": "network", "value": "mainnet"}
2025-08-05T07:42:45.012Z INFO (firesol) flag {"name": "state-dir", "value": "./poller_state"}
2025-08-05T07:42:45.012Z INFO (firesol) flag {"name": "websocket-out", "value": "127.0.0.1:1337"}
2025-08-05T07:42:45.012Z INFO (firesol) flag {"name": "write-to-file", "value": "false"}
2025-08-05T07:42:45.012Z INFO (firesol) starting poller {"first_streamable_block": 999999999, "block_fetch_batch_size": 10}
2025-08-05T07:42:45.012Z INFO (firesol) cursor file check {"state_store_path": "./poller_state", "exist": true}
2025-08-05T07:42:45.012Z INFO (firesol) sorting clients
2025-08-05T07:42:45.012Z INFO (firesol) loaded cursor {"start_block": "335920756 (FfbQVZwkgPCat2R3qn47CwzmRvhBeaMkTvLMxZ3ai6pL)", "lib": "335920755 (7AgEd4qbLkoMuN1QWqrFNdx2Hziqa12yocYBQVSJt3Zn)", "block_count": 3}
2025-08-05T07:42:45.012Z INFO (firesol) about to fetch block {"block_to_fetch": 335920756, "delay": "0s"}
2025-08-05T07:42:45.012Z INFO (firesol) requesting block {"block_num": 335920756}
2025-08-05T07:42:45.012Z INFO (firesol) checking if block is available {"request_block_num": 335920756, "latest_confirmed_slot": 0}
2025-08-05T07:42:48.034Z INFO (firesol) launching firehose-solana poller
2025-08-05T07:42:48.034Z INFO (firesol) flag {"name": "block-fetch-batch-size", "value": "10"}
2025-08-05T07:42:48.034Z INFO (firesol) flag {"name": "endpoints", "value": "[https://api.mainnet-beta.solana.com,https://solana-mainnet.g.alchemy.com/v2/8-AiluqynrYzdM6N_rZwCD1QRc9gN3pj]"}
2025-08-05T07:42:48.034Z INFO (firesol) flag {"name": "help", "value": "false"}
2025-08-05T07:42:48.034Z INFO (firesol) flag {"name": "interval-between-clients-sort", "value": "10m0s"}
2025-08-05T07:42:48.034Z INFO (firesol) flag {"name": "interval-between-fetch", "value": "0s"}
2025-08-05T07:42:48.034Z INFO (firesol) flag {"name": "latest-block-retry-interval", "value": "1s"}
2025-08-05T07:42:48.034Z INFO (firesol) flag {"name": "max-block-fetch-duration", "value": "3s"}
2025-08-05T07:42:48.034Z INFO (firesol) flag {"name": "network", "value": "mainnet"}
2025-08-05T07:42:48.034Z INFO (firesol) flag {"name": "state-dir", "value": "./poller_state"}
2025-08-05T07:42:48.034Z INFO (firesol) flag {"name": "websocket-out", "value": "127.0.0.1:1337"}
2025-08-05T07:42:48.034Z INFO (firesol) flag {"name": "write-to-file", "value": "false"}
2025-08-05T07:42:48.034Z INFO (firesol) starting poller {"first_streamable_block": 999999999, "block_fetch_batch_size": 10}
2025-08-05T07:42:48.034Z INFO (firesol) cursor file check {"state_store_path": "./poller_state", "exist": true}
2025-08-05T07:42:48.034Z INFO (firesol) sorting clients
2025-08-05T07:42:51.049Z INFO (firesol) launching firehose-solana poller
2025-08-05T07:42:51.049Z INFO (firesol) flag {"name": "block-fetch-batch-size", "value": "10"}
2025-08-05T07:42:51.049Z INFO (firesol) flag {"name": "endpoints", "value": "[https://api.mainnet-beta.solana.com,https://solana-mainnet.g.alchemy.com/v2/8-AiluqynrYzdM6N_rZwCD1QRc9gN3pj]"}
2025-08-05T07:42:51.049Z INFO (firesol) flag {"name": "help", "value": "false"}
2025-08-05T07:42:51.049Z INFO (firesol) flag {"name": "interval-between-clients-sort", "value": "10m0s"}
2025-08-05T07:42:51.049Z INFO (firesol) flag {"name": "interval-between-fetch", "value": "0s"}
2025-08-05T07:42:51.049Z INFO (firesol) flag {"name": "latest-block-retry-interval", "value": "1s"}
2025-08-05T07:42:51.049Z INFO (firesol) flag {"name": "max-block-fetch-duration", "value": "3s"}
2025-08-05T07:42:51.049Z INFO (firesol) flag {"name": "network", "value": "mainnet"}
2025-08-05T07:42:51.049Z INFO (firesol) flag {"name": "state-dir", "value": "./poller_state"}
2025-08-05T07:42:51.049Z INFO (firesol) flag {"name": "websocket-out", "value": "127.0.0.1:1337"}
2025-08-05T07:42:51.050Z INFO (firesol) flag {"name": "write-to-file", "value": "false"}
2025-08-05T07:42:51.050Z INFO (firesol) starting poller {"first_streamable_block": 999999999, "block_fetch_batch_size": 10}
2025-08-05T07:42:51.050Z INFO (firesol) cursor file check {"state_store_path": "./poller_state", "exist": true}
2025-08-05T07:42:51.050Z INFO (firesol) loaded cursor {"start_block": "335920778 (6rkkSLdNmq3o3B6asz1iBwGwYi8tenLwFbh69PwDwNKp)", "lib": "335920777 (EPGPp8uEvxBA5WAH9si4gk7s51q2CeBhditofA3WD1u9)", "block_count": 3}
2025-08-05T07:42:51.050Z INFO (firesol) about to fetch block {"block_to_fetch": 335920778, "delay": "0s"}
2025-08-05T07:42:51.050Z INFO (firesol) requesting block {"block_num": 335920778}
2025-08-05T07:42:51.050Z INFO (firesol) checking if block is available {"request_block_num": 335920778, "latest_confirmed_slot": 0}
2025-08-05T07:42:51.050Z INFO (firesol) sorting clients
2025-08-05T07:45:12.846Z INFO (firesol) launching firehose-solana poller
2025-08-05T07:45:12.846Z INFO (firesol) flag {"name": "block-fetch-batch-size", "value": "10"}
2025-08-05T07:45:12.846Z INFO (firesol) flag {"name": "endpoints", "value": "[https://api.mainnet-beta.solana.com,https://solana-mainnet.g.alchemy.com/v2/8-AiluqynrYzdM6N_rZwCD1QRc9gN3pj]"}
2025-08-05T07:45:12.846Z INFO (firesol) flag {"name": "help", "value": "false"}
2025-08-05T07:45:12.846Z INFO (firesol) flag {"name": "interval-between-clients-sort", "value": "10m0s"}
2025-08-05T07:45:12.846Z INFO (firesol) flag {"name": "interval-between-fetch", "value": "0s"}
2025-08-05T07:45:12.846Z INFO (firesol) flag {"name": "latest-block-retry-interval", "value": "1s"}
2025-08-05T07:45:12.846Z INFO (firesol) flag {"name": "max-block-fetch-duration", "value": "3s"}
2025-08-05T07:45:12.846Z INFO (firesol) flag {"name": "network", "value": "mainnet"}
2025-08-05T07:45:12.846Z INFO (firesol) flag {"name": "state-dir", "value": "./poller_state"}
2025-08-05T07:45:12.846Z INFO (firesol) flag {"name": "websocket-out", "value": "127.0.0.1:1337"}
2025-08-05T07:45:12.846Z INFO (firesol) flag {"name": "write-to-file", "value": "false"}
2025-08-05T07:45:12.846Z INFO (firesol) starting poller {"first_streamable_block": 999999999, "block_fetch_batch_size": 10}
2025-08-05T07:45:12.846Z INFO (firesol) cursor file check {"state_store_path": "./poller_state", "exist": true}
2025-08-05T07:45:12.846Z INFO (firesol) loaded cursor {"start_block": "335921245 (6rt1Q639KsuJgzTyD6T5RAfQHWRgTa5it3MPHcC8axsV)", "lib": "335921244 (8mQyJ6EEA4eLLpL2Cj3zProUTkbUJ4rf6P6dYMF9hkQC)", "block_count": 3}
2025-08-05T07:45:12.846Z INFO (firesol) about to fetch block {"block_to_fetch": 335921245, "delay": "0s"}
2025-08-05T07:45:12.846Z INFO (firesol) requesting block {"block_num": 335921245}
2025-08-05T07:45:12.846Z INFO (firesol) checking if block is available {"request_block_num": 335921245, "latest_confirmed_slot": 0}
2025-08-05T07:45:12.846Z INFO (firesol) sorting clients
2025-08-05T07:45:15.861Z INFO (firesol) launching firehose-solana poller
2025-08-05T07:45:15.861Z INFO (firesol) flag {"name": "block-fetch-batch-size", "value": "10"}
2025-08-05T07:45:15.861Z INFO (firesol) flag {"name": "endpoints", "value": "[https://api.mainnet-beta.solana.com,https://solana-mainnet.g.alchemy.com/v2/8-AiluqynrYzdM6N_rZwCD1QRc9gN3pj]"}
2025-08-05T07:45:15.861Z INFO (firesol) flag {"name": "help", "value": "false"}
2025-08-05T07:45:15.861Z INFO (firesol) flag {"name": "interval-between-clients-sort", "value": "10m0s"}
2025-08-05T07:45:15.861Z INFO (firesol) flag {"name": "interval-between-fetch", "value": "0s"}
2025-08-05T07:45:15.861Z INFO (firesol) flag {"name": "latest-block-retry-interval", "value": "1s"}
2025-08-05T07:45:15.861Z INFO (firesol) flag {"name": "max-block-fetch-duration", "value": "3s"}
2025-08-05T07:45:15.861Z INFO (firesol) flag {"name": "network", "value": "mainnet"}
2025-08-05T07:45:15.861Z INFO (firesol) flag {"name": "state-dir", "value": "./poller_state"}
2025-08-05T07:45:15.861Z INFO (firesol) flag {"name": "websocket-out", "value": "127.0.0.1:1337"}
2025-08-05T07:45:15.861Z INFO (firesol) flag {"name": "write-to-file", "value": "false"}
2025-08-05T07:45:15.861Z INFO (firesol) starting poller {"first_streamable_block": 999999999, "block_fetch_batch_size": 10}
2025-08-05T07:45:15.861Z INFO (firesol) cursor file check {"state_store_path": "./poller_state", "exist": true}
2025-08-05T07:45:15.861Z INFO (firesol) loaded cursor {"start_block": "335921255 (zRaHCwWKBX1WFVqGSfDSG92y8JJrwM5J5hDzoCQKKHy)", "lib": "335921254 (8K5uqhovojCcp7aKuKbTVTKUJzZPoQq5xERFWqdK5H8x)", "block_count": 3}
2025-08-05T07:45:15.861Z INFO (firesol) about to fetch block {"block_to_fetch": 335921255, "delay": "0s"}
2025-08-05T07:45:15.861Z INFO (firesol) requesting block {"block_num": 335921255}
2025-08-05T07:45:15.861Z INFO (firesol) checking if block is available {"request_block_num": 335921255, "latest_confirmed_slot": 0}
2025-08-05T07:45:15.861Z INFO (firesol) sorting clients
2025-08-05T07:45:18.876Z INFO (firesol) launching firehose-solana poller
2025-08-05T07:45:18.876Z INFO (firesol) flag {"name": "block-fetch-batch-size", "value": "10"}
2025-08-05T07:45:18.876Z INFO (firesol) flag {"name": "endpoints", "value": "[https://api.mainnet-beta.solana.com,https://solana-mainnet.g.alchemy.com/v2/8-AiluqynrYzdM6N_rZwCD1QRc9gN3pj]"}
2025-08-05T07:45:18.876Z INFO (firesol) flag {"name": "help", "value": "false"}
2025-08-05T07:45:18.876Z INFO (firesol) flag {"name": "interval-between-clients-sort", "value": "10m0s"}
2025-08-05T07:45:18.876Z INFO (firesol) flag {"name": "interval-between-fetch", "value": "0s"}
2025-08-05T07:45:18.876Z INFO (firesol) flag {"name": "latest-block-retry-interval", "value": "1s"}
2025-08-05T07:45:18.876Z INFO (firesol) flag {"name": "max-block-fetch-duration", "value": "3s"}
2025-08-05T07:45:18.876Z INFO (firesol) flag {"name": "network", "value": "mainnet"}
2025-08-05T07:45:18.876Z INFO (firesol) flag {"name": "state-dir", "value": "./poller_state"}
2025-08-05T07:45:18.876Z INFO (firesol) flag {"name": "websocket-out", "value": "127.0.0.1:1337"}
2025-08-05T07:45:18.876Z INFO (firesol) flag {"name": "write-to-file", "value": "false"}
2025-08-05T07:45:18.876Z INFO (firesol) starting poller {"first_streamable_block": 999999999, "block_fetch_batch_size": 10}
2025-08-05T07:45:18.876Z INFO (firesol) cursor file check {"state_store_path": "./poller_state", "exist": true}
2025-08-05T07:45:18.876Z INFO (firesol) sorting clients
2025-08-05T07:45:18.876Z INFO (firesol) loaded cursor {"start_block": "335921265 (Jqcpi4xuoXzpgV8PB2zDXK2G1tiFEE6n74TMcTdDy8z)", "lib": "335921264 (JBimDGbP7zfX5bLUz921nHd1z8AGN3J5eGGM7v6prqhU)", "block_count": 3}
2025-08-05T07:45:18.876Z INFO (firesol) about to fetch block {"block_to_fetch": 335921265, "delay": "0s"}
2025-08-05T07:45:18.876Z INFO (firesol) requesting block {"block_num": 335921265}
2025-08-05T07:45:18.876Z INFO (firesol) checking if block is available {"request_block_num": 335921265, "latest_confirmed_slot": 0}
